c:\users\szgtq\source\repos\browser_decrypt\browser_decrypt\x64\debug\vc142.pdb
c:\users\szgtq\source\repos\browser_decrypt\browser_decrypt\x64\debug\vc142.idb
c:\users\szgtq\source\repos\browser_decrypt\browser_decrypt\x64\debug\utf8_trans.obj
c:\users\szgtq\source\repos\browser_decrypt\browser_decrypt\x64\debug\firefox_run.obj
c:\users\szgtq\source\repos\browser_decrypt\browser_decrypt\x64\debug\profilepath_get.obj
c:\users\szgtq\source\repos\browser_decrypt\browser_decrypt\x64\debug\password_handle.obj
c:\users\szgtq\source\repos\browser_decrypt\browser_decrypt\x64\debug\main.obj
c:\users\szgtq\source\repos\browser_decrypt\browser_decrypt\x64\debug\loginpath_get.obj
c:\users\szgtq\source\repos\browser_decrypt\browser_decrypt\x64\debug\library_load.obj
c:\users\szgtq\source\repos\browser_decrypt\browser_decrypt\x64\debug\installatonpath_get.obj
c:\users\szgtq\source\repos\browser_decrypt\browser_decrypt\x64\debug\dll_function.obj
c:\users\szgtq\source\repos\browser_decrypt\browser_decrypt\x64\debug\decrypt.obj
c:\users\szgtq\source\repos\browser_decrypt\browser_decrypt\x64\debug\data_get.obj
c:\users\szgtq\source\repos\browser_decrypt\browser_decrypt\x64\debug\chrome(opera)_run.obj
c:\users\szgtq\source\repos\browser_decrypt\browser_decrypt\x64\debug\char_count.obj
c:\users\szgtq\source\repos\browser_decrypt\browser_decrypt\x64\debug\firefox_decrypt.obj
c:\users\szgtq\source\repos\browser_decrypt\browser_decrypt\x64\debug\chrome(opera)_decrypt.obj
c:\users\szgtq\source\repos\browser_decrypt\x64\debug\browser_decrypt.exe
c:\users\szgtq\source\repos\browser_decrypt\x64\debug\browser_decrypt.ilk
c:\users\szgtq\source\repos\browser_decrypt\x64\debug\browser_decrypt.pdb
c:\users\szgtq\source\repos\browser_decrypt\browser_decrypt\x64\debug\browser_decrypt.tlog\cl.command.1.tlog
c:\users\szgtq\source\repos\browser_decrypt\browser_decrypt\x64\debug\browser_decrypt.tlog\cl.read.1.tlog
c:\users\szgtq\source\repos\browser_decrypt\browser_decrypt\x64\debug\browser_decrypt.tlog\cl.write.1.tlog
c:\users\szgtq\source\repos\browser_decrypt\browser_decrypt\x64\debug\browser_decrypt.tlog\link.command.1.tlog
c:\users\szgtq\source\repos\browser_decrypt\browser_decrypt\x64\debug\browser_decrypt.tlog\link.read.1.tlog
c:\users\szgtq\source\repos\browser_decrypt\browser_decrypt\x64\debug\browser_decrypt.tlog\link.write.1.tlog
