  Char_Count.cpp
  Chrome(Opera)_Decrypt.cpp
  Chrome(Opera)_run.cpp
  Data_Get.cpp
  Firefox_Decrypt.cpp
  DLL_Function.cpp
  InstallatonPath_Get.cpp
  Library_Load.cpp
  LoginPath_Get.cpp
  main.cpp
  Password_Handle.cpp
C:\Users\szgtq\Desktop\Browser_Decrypt\Browser_Decrypt\Password_Handle.cpp(6,22): warning C4267:  “=”: 从“size_t”转换到“int”，可能丢失数据
C:\Users\szgtq\Desktop\Browser_Decrypt\Browser_Decrypt\Password_Handle.cpp(7,22): warning C4267:  “=”: 从“size_t”转换到“int”，可能丢失数据
C:\Users\szgtq\Desktop\Browser_Decrypt\Browser_Decrypt\Password_Handle.cpp(8,22): warning C4267:  “=”: 从“size_t”转换到“int”，可能丢失数据
C:\Users\szgtq\Desktop\Browser_Decrypt\Browser_Decrypt\Password_Handle.cpp(9,22): warning C4267:  “=”: 从“size_t”转换到“int”，可能丢失数据
C:\Users\szgtq\Desktop\Browser_Decrypt\Browser_Decrypt\Password_Handle.cpp(10,22): warning C4267:  “=”: 从“size_t”转换到“int”，可能丢失数据
C:\Users\szgtq\Desktop\Browser_Decrypt\Browser_Decrypt\Password_Handle.cpp(11,22): warning C4267:  “=”: 从“size_t”转换到“int”，可能丢失数据
C:\Users\szgtq\Desktop\Browser_Decrypt\Browser_Decrypt\Password_Handle.cpp(12,22): warning C4267:  “=”: 从“size_t”转换到“int”，可能丢失数据
C:\Users\szgtq\Desktop\Browser_Decrypt\Browser_Decrypt\Password_Handle.cpp(13,22): warning C4267:  “=”: 从“size_t”转换到“int”，可能丢失数据
C:\Users\szgtq\Desktop\Browser_Decrypt\Browser_Decrypt\Password_Handle.cpp(14,22): warning C4267:  “=”: 从“size_t”转换到“int”，可能丢失数据
C:\Users\szgtq\Desktop\Browser_Decrypt\Browser_Decrypt\Password_Handle.cpp(15,21): warning C4267:  “=”: 从“size_t”转换到“int”，可能丢失数据
  ProfilePath_Get.cpp
  Firefox_run.cpp
  UTF8_Trans.cpp
C:\Users\szgtq\Desktop\Browser_Decrypt\Browser_Decrypt\Password_Handle.cpp(16,22): warning C4267:  “=”: 从“size_t”转换到“int”，可能丢失数据
  正在生成代码
  1117 of 1131 functions (98.8%) were compiled, the rest were copied from previous compilation.
    3 functions were new in current compilation
    1 functions had inline decision re-evaluated but remain unchanged
  已完成代码的生成
  Browser_Decrypt.vcxproj -> C:\Users\szgtq\Desktop\Browser_Decrypt\x64\Release\Browser_Decrypt.exe
