c:\users\szgtq\source\repos\browser_decrypt\x64\release\browser_decrypt.ipdb
c:\users\szgtq\source\repos\browser_decrypt\x64\release\browser_decrypt.iobj
c:\users\szgtq\source\repos\browser_decrypt\browser_decrypt\x64\release\vc142.pdb
c:\users\szgtq\source\repos\browser_decrypt\browser_decrypt\x64\release\utf8_trans.obj
c:\users\szgtq\source\repos\browser_decrypt\browser_decrypt\x64\release\firefox_run.obj
c:\users\szgtq\source\repos\browser_decrypt\browser_decrypt\x64\release\profilepath_get.obj
c:\users\szgtq\source\repos\browser_decrypt\browser_decrypt\x64\release\password_handle.obj
c:\users\szgtq\source\repos\browser_decrypt\browser_decrypt\x64\release\main.obj
c:\users\szgtq\source\repos\browser_decrypt\browser_decrypt\x64\release\loginpath_get.obj
c:\users\szgtq\source\repos\browser_decrypt\browser_decrypt\x64\release\library_load.obj
c:\users\szgtq\source\repos\browser_decrypt\browser_decrypt\x64\release\installatonpath_get.obj
c:\users\szgtq\source\repos\browser_decrypt\browser_decrypt\x64\release\dll_function.obj
c:\users\szgtq\source\repos\browser_decrypt\browser_decrypt\x64\release\firefox_decrypt.obj
c:\users\szgtq\source\repos\browser_decrypt\browser_decrypt\x64\release\data_get.obj
c:\users\szgtq\source\repos\browser_decrypt\browser_decrypt\x64\release\chrome(opera)_run.obj
c:\users\szgtq\source\repos\browser_decrypt\browser_decrypt\x64\release\chrome(opera)_decrypt.obj
c:\users\szgtq\source\repos\browser_decrypt\browser_decrypt\x64\release\char_count.obj
c:\users\szgtq\source\repos\browser_decrypt\x64\release\browser_decrypt.exe
c:\users\szgtq\source\repos\browser_decrypt\x64\release\browser_decrypt.pdb
c:\users\szgtq\desktop\browser_decrypt\browser_decrypt\x64\release\char_count.obj
c:\users\szgtq\desktop\browser_decrypt\browser_decrypt\x64\release\chrome(opera)_decrypt.obj
c:\users\szgtq\desktop\browser_decrypt\browser_decrypt\x64\release\chrome(opera)_run.obj
c:\users\szgtq\desktop\browser_decrypt\browser_decrypt\x64\release\data_get.obj
c:\users\szgtq\desktop\browser_decrypt\browser_decrypt\x64\release\dll_function.obj
c:\users\szgtq\desktop\browser_decrypt\browser_decrypt\x64\release\firefox_decrypt.obj
c:\users\szgtq\desktop\browser_decrypt\browser_decrypt\x64\release\firefox_run.obj
c:\users\szgtq\desktop\browser_decrypt\browser_decrypt\x64\release\installatonpath_get.obj
c:\users\szgtq\desktop\browser_decrypt\browser_decrypt\x64\release\library_load.obj
c:\users\szgtq\desktop\browser_decrypt\browser_decrypt\x64\release\loginpath_get.obj
c:\users\szgtq\desktop\browser_decrypt\browser_decrypt\x64\release\main.obj
c:\users\szgtq\desktop\browser_decrypt\browser_decrypt\x64\release\password_handle.obj
c:\users\szgtq\desktop\browser_decrypt\browser_decrypt\x64\release\profilepath_get.obj
c:\users\szgtq\desktop\browser_decrypt\browser_decrypt\x64\release\utf8_trans.obj
c:\users\szgtq\desktop\browser_decrypt\browser_decrypt\x64\release\vc142.pdb
c:\users\szgtq\desktop\browser_decrypt\x64\release\browser_decrypt.pdb
c:\users\szgtq\desktop\browser_decrypt\x64\release\browser_decrypt.exe
c:\users\szgtq\desktop\browser_decrypt\browser_decrypt\x64\release\browser_decrypt.tlog\browser_decrypt.write.1u.tlog
c:\users\szgtq\desktop\browser_decrypt\browser_decrypt\x64\release\browser_decrypt.tlog\cl.command.1.tlog
c:\users\szgtq\desktop\browser_decrypt\browser_decrypt\x64\release\browser_decrypt.tlog\cl.read.1.tlog
c:\users\szgtq\desktop\browser_decrypt\browser_decrypt\x64\release\browser_decrypt.tlog\cl.write.1.tlog
c:\users\szgtq\desktop\browser_decrypt\browser_decrypt\x64\release\browser_decrypt.tlog\link.command.1.tlog
c:\users\szgtq\desktop\browser_decrypt\browser_decrypt\x64\release\browser_decrypt.tlog\link.read.1.tlog
c:\users\szgtq\desktop\browser_decrypt\browser_decrypt\x64\release\browser_decrypt.tlog\link.write.1.tlog
